app/build/outputs/logs/manifest-merger-release-report.txt
-- Merging decision tree log ---
manifest
ADDED from src/main/AndroidManifest.xml:2:1-108:12
	package
		ADDED from src/main/AndroidManifest.xml:3:5-38
		INJECTED from src/main/AndroidManifest.xml
		INJECTED from src/main/AndroidManifest.xml
	android:versionName
		ADDED from src/main/AndroidManifest.xml:5:5-30
		INJECTED from src/main/AndroidManifest.xml
		INJECTED from src/main/AndroidManifest.xml
	android:versionCode
		ADDED from src/main/AndroidManifest.xml:4:5-28
		INJECTED from src/main/AndroidManifest.xml
		INJECTED from src/main/AndroidManifest.xml
	xmlns:android
		ADDED from src/main/AndroidManifest.xml:2:11-69
application
ADDED from src/main/AndroidManifest.xml:7:5-99:19
MERGED from [com.android.support.constraint:constraint-layout:1.0.1] AndroidManifest.xml:9:5-20
MERGED from [com.android.support:cardview-v7:25.1.1] AndroidManifest.xml:22:5-20
MERGED from [com.leon:lsettingviewlibrary:1.5.0] AndroidManifest.xml:11:5-15:19
MERGED from [com.lqr.adapter:library:1.0.2] AndroidManifest.xml:11:5-15:19
MERGED from [com.lqr.recyclerview:library:1.0.2] AndroidManifest.xml:11:5-15:19
MERGED from [com.lqr.imagepicker:library:1.0.0] AndroidManifest.xml:20:5-35:19
MERGED from [com.lqr.ninegridimageview:library:1.0.0] AndroidManifest.xml:11:5-15:19
MERGED from [com.lqr.optionitemview:library:1.0.7] AndroidManifest.xml:11:5-15:19
MERGED from [com.lqr.emoji:library:1.0.2] AndroidManifest.xml:11:5-15:19
MERGED from [com.lqr.audio:library:1.0.0] AndroidManifest.xml:11:5-15:19
MERGED from [com.lrq.menu:addpopmenu:1.0.5] AndroidManifest.xml:11:5-15:19
MERGED from [com.android.support:gridlayout-v7:23.2.1] AndroidManifest.xml:22:5-20
MERGED from [com.bm.photoview:library:1.4.1] AndroidManifest.xml:11:5-12:19
MERGED from [com.aliyun.dpa:oss-android-sdk:2.4.4] AndroidManifest.xml:17:5-20:19
MERGED from [com.android.support:design:25.1.1] AndroidManifest.xml:25:5-20
MERGED from [com.android.support:transition:25.1.1] AndroidManifest.xml:22:5-20
MERGED from [com.lcodecorex:tkrefreshlayout:1.0.7] AndroidManifest.xml:11:5-15:19
MERGED from [com.github.vajro:MaterialDesignLibrary:1.6] AndroidManifest.xml:11:5-14:19
MERGED from [com.android.support:appcompat-v7:25.3.1] AndroidManifest.xml:29:5-20
MERGED from [com.android.support:support-v4:25.3.1] AndroidManifest.xml:29:5-20
MERGED from [com.android.support:support-fragment:25.3.1] AndroidManifest.xml:29:5-20
MERGED from [com.android.support:support-media-compat:25.3.1] AndroidManifest.xml:29:5-20
MERGED from [com.android.support:support-core-ui:25.3.1] AndroidManifest.xml:29:5-20
MERGED from [com.android.support:support-core-utils:25.3.1] AndroidManifest.xml:29:5-20
MERGED from [com.android.support:animated-vector-drawable:25.3.1] AndroidManifest.xml:26:5-20
MERGED from [com.android.support:support-vector-drawable:25.3.1] AndroidManifest.xml:26:5-20
MERGED from [com.android.support:support-compat:25.3.1] AndroidManifest.xml:29:5-20
	android:label
		ADDED from src/main/AndroidManifest.xml:10:9-41
	android:supportsRtl
		ADDED from [com.leon:lsettingviewlibrary:1.5.0] AndroidManifest.xml:14:9-35
	android:allowBackup
		ADDED from src/main/AndroidManifest.xml:8:9-35
	android:icon
		ADDED from src/main/AndroidManifest.xml:9:9-40
	android:theme
		ADDED from src/main/AndroidManifest.xml:11:9-40
meta-data#design_width
ADDED from src/main/AndroidManifest.xml:14:9-17:21
	android:value
		ADDED from src/main/AndroidManifest.xml:16:13-32
	android:name
		ADDED from src/main/AndroidManifest.xml:15:13-40
meta-data#design_height
ADDED from src/main/AndroidManifest.xml:18:9-21:21
	android:value
		ADDED from src/main/AndroidManifest.xml:20:13-33
	android:name
		ADDED from src/main/AndroidManifest.xml:19:13-41
activity#com.example.HomeworkOne.MainActivity
ADDED from src/main/AndroidManifest.xml:23:9-27:20
	android:label
		ADDED from src/main/AndroidManifest.xml:25:13-45
	android:name
		ADDED from src/main/AndroidManifest.xml:24:13-64
activity#com.example.HomeworkOne.Welcome
ADDED from src/main/AndroidManifest.xml:29:9-32:20
	android:label
		ADDED from src/main/AndroidManifest.xml:31:13-45
	android:name
		ADDED from src/main/AndroidManifest.xml:30:13-59
activity#com.example.HomeworkOne.Access
ADDED from src/main/AndroidManifest.xml:34:10-44:20
	android:label
		ADDED from src/main/AndroidManifest.xml:36:13-45
	android:name
		ADDED from src/main/AndroidManifest.xml:35:13-58
intent-filter#android.intent.action.MAIN+android.intent.category.LAUNCHER
ADDED from src/main/AndroidManifest.xml:38:14-42:30
action#android.intent.action.MAIN
ADDED from src/main/AndroidManifest.xml:39:18-70
	android:name
		ADDED from src/main/AndroidManifest.xml:39:26-67
category#android.intent.category.LAUNCHER
ADDED from src/main/AndroidManifest.xml:41:18-78
	android:name
		ADDED from src/main/AndroidManifest.xml:41:28-75
activity#com.example.HomeworkOne.ContactDeveloper
ADDED from src/main/AndroidManifest.xml:46:9-50:20
	android:label
		ADDED from src/main/AndroidManifest.xml:48:13-45
	android:name
		ADDED from src/main/AndroidManifest.xml:47:13-68
activity#com.example.HomeworkOne.UserInfo
ADDED from src/main/AndroidManifest.xml:52:9-55:20
	android:label
		ADDED from src/main/AndroidManifest.xml:54:13-45
	android:name
		ADDED from src/main/AndroidManifest.xml:53:13-60
activity#com.example.HomeworkOne.UserHeader
ADDED from src/main/AndroidManifest.xml:57:9-60:20
	android:label
		ADDED from src/main/AndroidManifest.xml:59:13-45
	android:name
		ADDED from src/main/AndroidManifest.xml:58:13-62
activity#com.example.HomeworkOne.TestDetail
ADDED from src/main/AndroidManifest.xml:62:9-65:20
	android:label
		ADDED from src/main/AndroidManifest.xml:64:13-45
	android:name
		ADDED from src/main/AndroidManifest.xml:63:13-62
activity#com.example.HomeworkOne.RecordActivity
ADDED from src/main/AndroidManifest.xml:67:9-70:20
	android:label
		ADDED from src/main/AndroidManifest.xml:69:13-45
	android:name
		ADDED from src/main/AndroidManifest.xml:68:13-66
activity#com.example.HomeworkOne.RecordDetail
ADDED from src/main/AndroidManifest.xml:72:9-75:20
	android:label
		ADDED from src/main/AndroidManifest.xml:74:13-45
	android:name
		ADDED from src/main/AndroidManifest.xml:73:13-64
activity#com.example.HomeworkOne.DiscoveryPublic
ADDED from src/main/AndroidManifest.xml:77:9-80:20
	android:label
		ADDED from src/main/AndroidManifest.xml:79:13-45
	android:name
		ADDED from src/main/AndroidManifest.xml:78:13-67
activity#com.example.HomeworkOne.AcRegister
ADDED from src/main/AndroidManifest.xml:82:9-85:20
	android:label
		ADDED from src/main/AndroidManifest.xml:84:13-45
	android:name
		ADDED from src/main/AndroidManifest.xml:83:13-62
activity#com.example.HomeworkOne.AcLogin
ADDED from src/main/AndroidManifest.xml:87:9-90:20
	android:label
		ADDED from src/main/AndroidManifest.xml:89:13-45
	android:name
		ADDED from src/main/AndroidManifest.xml:88:13-59
activity#com.thefinestartist.finestwebview.FinestWebViewActivity
ADDED from src/main/AndroidManifest.xml:92:9-96:63
	android:screenOrientation
		ADDED from src/main/AndroidManifest.xml:95:13-47
	android:configChanges
		ADDED from src/main/AndroidManifest.xml:94:13-74
	android:theme
		ADDED from src/main/AndroidManifest.xml:96:13-60
	android:name
		ADDED from src/main/AndroidManifest.xml:93:13-83
uses-permission#android.permission.INTERNET
ADDED from src/main/AndroidManifest.xml:101:5-66
MERGED from [com.aliyun.dpa:oss-android-sdk:2.4.4] AndroidManifest.xml:11:5-67
	android:name
		ADDED from src/main/AndroidManifest.xml:101:22-64
uses-permission#android.permission.ACCESS_NETWORK_STATE
ADDED from src/main/AndroidManifest.xml:102:5-78
MERGED from [com.aliyun.dpa:oss-android-sdk:2.4.4] AndroidManifest.xml:12:5-79
	android:name
		ADDED from src/main/AndroidManifest.xml:102:22-76
uses-permission#android.permission.ACCESS_WIFI_STATE
ADDED from src/main/AndroidManifest.xml:103:5-75
MERGED from [com.aliyun.dpa:oss-android-sdk:2.4.4] AndroidManifest.xml:13:5-76
	android:name
		ADDED from src/main/AndroidManifest.xml:103:22-73
uses-permission#android.permission.READ_PHONE_STATE
ADDED from src/main/AndroidManifest.xml:104:5-74
	android:name
		ADDED from src/main/AndroidManifest.xml:104:22-72
uses-permission#android.permission.WRITE_EXTERNAL_STORAGE
ADDED from src/main/AndroidManifest.xml:105:5-80
MERGED from [com.lqr.imagepicker:library:1.0.0] AndroidManifest.xml:14:5-81
MERGED from [com.aliyun.dpa:oss-android-sdk:2.4.4] AndroidManifest.xml:14:5-81
	android:name
		ADDED from src/main/AndroidManifest.xml:105:22-78
uses-permission#android.permission.CAMERA
ADDED from src/main/AndroidManifest.xml:106:5-64
MERGED from [com.lqr.imagepicker:library:1.0.0] AndroidManifest.xml:18:5-65
	android:name
		ADDED from src/main/AndroidManifest.xml:106:22-62
uses-sdk
INJECTED from src/main/AndroidManifest.xml reason: use-sdk injection requested
MERGED from [com.android.support:multidex:1.0.1] AndroidManifest.xml:18:5-42
MERGED from [com.android.support.constraint:constraint-layout:1.0.1] AndroidManifest.xml:5:5-7:41
MERGED from [com.android.support:cardview-v7:25.1.1] AndroidManifest.xml:20:5-43
MERGED from [com.leon:lsettingviewlibrary:1.5.0] AndroidManifest.xml:7:5-9:41
MERGED from [com.zhy:autolayout:1.4.5] AndroidManifest.xml:8:5-10:41
MERGED from [com.lqr.adapter:library:1.0.2] AndroidManifest.xml:7:5-9:41
MERGED from [com.lqr.recyclerview:library:1.0.2] AndroidManifest.xml:7:5-9:41
MERGED from [com.lqr.imagepicker:library:1.0.0] AndroidManifest.xml:7:5-9:41
MERGED from [com.github.chrisbanes.photoview:library:1.2.4] AndroidManifest.xml:7:5-9:41
MERGED from [com.lqr.ninegridimageview:library:1.0.0] AndroidManifest.xml:7:5-9:41
MERGED from [com.lqr.optionitemview:library:1.0.7] AndroidManifest.xml:7:5-9:41
MERGED from [com.lqr.emoji:library:1.0.2] AndroidManifest.xml:7:5-9:41
MERGED from [com.lqr.audio:library:1.0.0] AndroidManifest.xml:7:5-9:41
MERGED from [com.lrq.menu:addpopmenu:1.0.5] AndroidManifest.xml:7:5-9:41
MERGED from [com.android.support:gridlayout-v7:23.2.1] AndroidManifest.xml:20:5-43
MERGED from [com.bm.photoview:library:1.4.1] AndroidManifest.xml:7:5-9:41
MERGED from [com.aliyun.dpa:oss-android-sdk:2.4.4] AndroidManifest.xml:7:5-9:41
MERGED from [com.wang.avi:library:2.1.3] AndroidManifest.xml:7:5-9:41
MERGED from [com.thefinestartist:finestwebview:1.2.7] AndroidManifest.xml:8:5-10:41
MERGED from [com.android.support:design:25.1.1] AndroidManifest.xml:21:5-23:62
MERGED from [com.android.support:transition:25.1.1] AndroidManifest.xml:20:5-44
MERGED from [com.thefinestartist:utils:0.9.0] AndroidManifest.xml:8:5-10:41
MERGED from [com.zhy:base-adapter:3.0.3] AndroidManifest.xml:7:5-9:41
MERGED from [com.oguzdev:CircularFloatingActionMenu:1.0.2] AndroidManifest.xml:7:5-9:41
MERGED from [com.lcodecorex:tkrefreshlayout:1.0.7] AndroidManifest.xml:7:5-9:41
MERGED from [com.android.support:recyclerview-v7:25.2.0] AndroidManifest.xml:20:5-43
MERGED from [com.github.vajro:MaterialDesignLibrary:1.6] AndroidManifest.xml:7:5-9:41
MERGED from [com.tapadoo.android:alerter:2.0.1] AndroidManifest.xml:7:5-10:72
MERGED from [com.github.GrenderG:Toasty:1.2.5] AndroidManifest.xml:8:5-10:41
MERGED from [com.android.support:appcompat-v7:25.3.1] AndroidManifest.xml:21:5-23:78
MERGED from [com.android.support:support-v4:25.3.1] AndroidManifest.xml:21:5-23:54
MERGED from [com.android.support:support-fragment:25.3.1] AndroidManifest.xml:21:5-23:60
MERGED from [com.android.support:support-media-compat:25.3.1] AndroidManifest.xml:21:5-23:63
MERGED from [com.android.support:support-core-ui:25.3.1] AndroidManifest.xml:21:5-23:58
MERGED from [com.android.support:support-core-utils:25.3.1] AndroidManifest.xml:21:5-23:61
MERGED from [com.android.support:animated-vector-drawable:25.3.1] AndroidManifest.xml:20:5-44
MERGED from [com.android.support:support-vector-drawable:25.3.1] AndroidManifest.xml:20:5-43
MERGED from [com.android.support:support-compat:25.3.1] AndroidManifest.xml:21:5-23:58
	tools:overrideLibrary
		ADDED from [com.android.support:design:25.1.1] AndroidManifest.xml:23:9-59
	android:targetSdkVersion
		INJECTED from src/main/AndroidManifest.xml
		INJECTED from src/main/AndroidManifest.xml
	android:minSdkVersion
		INJECTED from src/main/AndroidManifest.xml
		INJECTED from src/main/AndroidManifest.xml
uses-permission#android.permission.MOUNT_UNMOUNT_FILESYSTEMS
ADDED from [com.lqr.imagepicker:library:1.0.0] AndroidManifest.xml:12:5-84
	android:name
		ADDED from [com.lqr.imagepicker:library:1.0.0] AndroidManifest.xml:12:22-81
uses-permission#android.permission.READ_EXTERNAL_STORAGE
ADDED from [com.lqr.imagepicker:library:1.0.0] AndroidManifest.xml:16:5-80
	android:name
		ADDED from [com.lqr.imagepicker:library:1.0.0] AndroidManifest.xml:16:22-77
activity#com.lqr.imagepicker.ui.ImageBaseActivity
ADDED from [com.lqr.imagepicker:library:1.0.0] AndroidManifest.xml:21:9-77
	android:name
		ADDED from [com.lqr.imagepicker:library:1.0.0] AndroidManifest.xml:21:19-74
activity#com.lqr.imagepicker.ui.ImageGridActivity
ADDED from [com.lqr.imagepicker:library:1.0.0] AndroidManifest.xml:22:9-25:55
	android:configChanges
		ADDED from [com.lqr.imagepicker:library:1.0.0] AndroidManifest.xml:24:13-59
	android:theme
		ADDED from [com.lqr.imagepicker:library:1.0.0] AndroidManifest.xml:25:13-52
	android:name
		ADDED from [com.lqr.imagepicker:library:1.0.0] AndroidManifest.xml:23:13-68
activity#com.lqr.imagepicker.ui.ImageCropActivity
ADDED from [com.lqr.imagepicker:library:1.0.0] AndroidManifest.xml:26:9-30:55
	android:hardwareAccelerated
		ADDED from [com.lqr.imagepicker:library:1.0.0] AndroidManifest.xml:29:13-48
	android:configChanges
		ADDED from [com.lqr.imagepicker:library:1.0.0] AndroidManifest.xml:28:13-59
	android:theme
		ADDED from [com.lqr.imagepicker:library:1.0.0] AndroidManifest.xml:30:13-52
	android:name
		ADDED from [com.lqr.imagepicker:library:1.0.0] AndroidManifest.xml:27:13-68
activity#com.lqr.imagepicker.ui.ImagePreviewActivity
ADDED from [com.lqr.imagepicker:library:1.0.0] AndroidManifest.xml:31:9-34:65
	android:configChanges
		ADDED from [com.lqr.imagepicker:library:1.0.0] AndroidManifest.xml:33:13-59
	android:theme
		ADDED from [com.lqr.imagepicker:library:1.0.0] AndroidManifest.xml:34:13-62
	android:name
		ADDED from [com.lqr.imagepicker:library:1.0.0] AndroidManifest.xml:32:13-71
uses-permission#android.permission.CHANGE_WIFI_STATE
ADDED from [com.aliyun.dpa:oss-android-sdk:2.4.4] AndroidManifest.xml:15:5-76
	android:name
		ADDED from [com.aliyun.dpa:oss-android-sdk:2.4.4] AndroidManifest.xml:15:22-73
meta-data#android.support.VERSION
ADDED from [com.android.support:appcompat-v7:25.3.1] AndroidManifest.xml:25:5-27:34
MERGED from [com.android.support:support-v4:25.3.1] AndroidManifest.xml:25:5-27:34
MERGED from [com.android.support:support-fragment:25.3.1] AndroidManifest.xml:25:5-27:34
MERGED from [com.android.support:support-media-compat:25.3.1] AndroidManifest.xml:25:5-27:34
MERGED from [com.android.support:support-core-ui:25.3.1] AndroidManifest.xml:25:5-27:34
MERGED from [com.android.support:support-core-utils:25.3.1] AndroidManifest.xml:25:5-27:34
MERGED from [com.android.support:animated-vector-drawable:25.3.1] AndroidManifest.xml:22:5-24:34
MERGED from [com.android.support:support-vector-drawable:25.3.1] AndroidManifest.xml:22:5-24:34
MERGED from [com.android.support:support-compat:25.3.1] AndroidManifest.xml:25:5-27:34
	android:value
		ADDED from [com.android.support:appcompat-v7:25.3.1] AndroidManifest.xml:27:9-31
	android:name
		ADDED from [com.android.support:appcompat-v7:25.3.1] AndroidManifest.xml:26:9-47